[16:59:56] [main/INFO] (FabricLoader/GameProvider) Loading Minecraft 1.21.4 with Fabric Loader 0.16.10
[16:59:57] [main/INFO] (FabricLoader) Loading 44 mods:
	- fabric-api 0.118.0+1.21.4
	- fabric-api-base 0.4.54+b47eab6b04
	- fabric-api-lookup-api-v1 1.6.86+b1caf1e904
	- fabric-biome-api-v1 15.0.6+b1c29d8e04
	- fabric-block-api-v1 1.0.31+7feeb73304
	- fabric-block-view-api-v2 1.0.19+7feeb73304
	- fabric-command-api-v1 1.2.62+f71b366f04
	- fabric-command-api-v2 2.2.41+e496eb1504
	- fabric-commands-v0 0.2.79+df3654b304
	- fabric-content-registries-v0 9.1.19+25d1a67604
	- fabric-convention-tags-v1 2.1.17+7f945d5b04
	- fabric-convention-tags-v2 2.13.0+360374ac04
	- fabric-crash-report-info-v1 0.3.6+7feeb73304
	- fabric-data-attachment-api-v1 1.6.0+4e7c604904
	- fabric-data-generation-api-v1 22.2.12+60b6f1b704
	- fabric-dimensions-v1 4.0.10+7feeb73304
	- fabric-entity-events-v1 2.0.14+da99546b04
	- fabric-events-interaction-v0 4.0.3+a4eebcf004
	- fabric-game-rule-api-v1 1.0.63+7d48d43904
	- fabric-gametest-api-v1 2.0.26+7feeb73304
	- fabric-item-api-v1 11.3.0+ee91fa1f04
	- fabric-item-group-api-v1 4.2.2+fcb9601404
	- fabric-lifecycle-events-v1 2.5.4+bf2a60eb04
	- fabric-loot-api-v2 3.0.38+3f89f5a504
	- fabric-loot-api-v3 1.0.26+203e6b2304
	- fabric-message-api-v1 6.0.25+7feeb73304
	- fabric-networking-api-v1 4.3.10+8998135104
	- fabric-object-builder-api-v1 18.0.13+7d48d43904
	- fabric-particles-v1 4.0.14+7feeb73304
	- fabric-recipe-api-v1 8.1.0+640e77ae04
	- fabric-registry-sync-v0 6.1.9+360374ac04
	- fabric-rendering-data-attachment-v1 0.3.57+73761d2e04
	- fabric-rendering-fluids-v1 3.1.19+7feeb73304
	- fabric-resource-conditions-api-v1 5.0.13+203e6b2304
	- fabric-resource-loader-v0 3.1.1+360374ac04
	- fabric-screen-handler-api-v1 1.3.116+7feeb73304
	- fabric-tag-api-v1 1.0.7+7d48d43904
	- fabric-transfer-api-v1 5.4.9+efa825c904
	- fabric-transitive-access-wideners-v1 6.3.2+56e78b9b04
	- fabricloader 0.16.10
	- hammertime 1.0
	- java 21
	- minecraft 1.21.4
	- mixinextras 0.4.1
[16:59:57] [main/INFO] (FabricLoader/Mixin) SpongePowered MIXIN Subsystem Version=0.8.7 Source=file:/C:/Gradle/gradle-8.12/caches/modules-2/files-2.1/net.fabricmc/sponge-mixin/0.15.4+mixin.0.8.7/6a12aacc794f1078458433116e9ed42c1cc98096/sponge-mixin-0.15.4+mixin.0.8.7.jar Service=Knot/Fabric Env=SERVER
[16:59:57] [main/INFO] (FabricLoader/Mixin) Loaded Fabric development mappings for mixin remapper!
[16:59:57] [main/INFO] (FabricLoader/Mixin) Compatibility level set to JAVA_21
[16:59:58] [main/INFO] (FabricLoader/MixinExtras|Service) Initializing MixinExtras via com.llamalad7.mixinextras.service.MixinExtrasServiceImpl(version=0.4.1).
[17:00:09] [main/INFO] (Minecraft) [STDOUT]: Registering Vein Miner Effect!
[17:00:09] [main/INFO] (FabricDataGenHelper) Running data generator for hammertime
[17:00:09] [main/INFO] (Minecraft) [STDOUT]: Generating Vein Miner enchantment data...
[17:00:09] [main/INFO] (Minecraft) Starting provider: HammerTime/BetterMiningEnchantmentGenerator
[17:00:10] [main/INFO] (Minecraft) HammerTime/BetterMiningEnchantmentGenerator finished after 631 ms
[17:00:10] [main/INFO] (Minecraft) All providers took: 633 ms
[17:00:10] [main/INFO] (Minecraft) Caching: total files: 1, old count: 1, new count: 2, removed stale: 0, written: 1
